

Started GET "/" for ::1 at 2014-10-27 14:14:26 -0700
Processing by Rails::WelcomeController#index as HTML
  Rendered /Users/timothyshull/.rbenv/versions/2.1.4/lib/ruby/gems/2.1.0/gems/railties-4.2.0.beta2/lib/rails/templates/rails/welcome/index.html.erb (1.2ms)
Completed 200 OK in 16ms (Views: 6.5ms | ActiveRecord: 0.0ms)


Started GET "/" for ::1 at 2014-10-27 14:15:44 -0700
Processing by Rails::WelcomeController#index as HTML
  Rendered /Users/timothyshull/.rbenv/versions/2.1.4/lib/ruby/gems/2.1.0/gems/railties-4.2.0.beta2/lib/rails/templates/rails/welcome/index.html.erb (1.1ms)
Completed 200 OK in 12ms (Views: 5.2ms | ActiveRecord: 0.0ms)


Started GET "/rails/info/properties" for ::1 at 2014-10-27 14:17:01 -0700
Processing by Rails::InfoController#properties as */*
  Rendered /Users/timothyshull/.rbenv/versions/2.1.4/lib/ruby/gems/2.1.0/gems/railties-4.2.0.beta2/lib/rails/templates/rails/info/properties.html.erb (0.3ms)
Completed 200 OK in 23ms (Views: 8.2ms | ActiveRecord: 0.9ms)


Started GET "/" for ::1 at 2014-10-27 14:23:29 -0700
Processing by Rails::WelcomeController#index as HTML
  Rendered /Users/timothyshull/.rbenv/versions/2.1.4/lib/ruby/gems/2.1.0/gems/railties-4.2.0.beta2/lib/rails/templates/rails/welcome/index.html.erb (0.0ms)
Completed 200 OK in 1ms (Views: 0.8ms | ActiveRecord: 0.0ms)


Started GET "/" for ::1 at 2014-10-27 14:23:35 -0700
Processing by ApplicationController#hello as HTML
  Rendered text template (0.0ms)
Completed 200 OK in 3ms (Views: 2.8ms | ActiveRecord: 0.0ms)


Started GET "/" for ::1 at 2014-10-27 14:29:59 -0700
Processing by ApplicationController#hello as HTML
  Rendered text template (0.0ms)
Completed 200 OK in 1ms (Views: 0.3ms | ActiveRecord: 0.0ms)


Started GET "/" for ::1 at 2014-10-27 15:13:07 -0700
Processing by ApplicationController#hello as HTML
  Rendered text template (0.0ms)
Completed 200 OK in 15ms (Views: 8.1ms | ActiveRecord: 0.0ms)


Started GET "/" for ::1 at 2014-10-27 15:17:58 -0700
Processing by ApplicationController#hello as HTML
  Rendered text template (0.0ms)
Completed 200 OK in 11ms (Views: 4.2ms | ActiveRecord: 0.0ms)


Started GET "/" for ::1 at 2014-10-27 15:19:16 -0700

SyntaxError (/Users/timothyshull/Programming/workspace/hello_app/app/controllers/application_controller.rb:7: invalid Unicode escape
    render text: "hola mundo \uU+00A9"
                               ^):
  app/controllers/application_controller.rb:7: invalid Unicode escape


  Rendered /Users/timothyshull/.rbenv/versions/2.1.4/lib/ruby/gems/2.1.0/gems/web-console-2.0.0.beta3/lib/action_dispatch/templates/rescues/_source.erb (3.5ms)
  Rendered /Users/timothyshull/.rbenv/versions/2.1.4/lib/ruby/gems/2.1.0/gems/web-console-2.0.0.beta3/lib/action_dispatch/templates/rescues/_trace.html.erb (1.7ms)
  Rendered /Users/timothyshull/.rbenv/versions/2.1.4/lib/ruby/gems/2.1.0/gems/web-console-2.0.0.beta3/lib/action_dispatch/templates/rescues/_request_and_response.html.erb (7.4ms)
  Rendered /Users/timothyshull/.rbenv/versions/2.1.4/lib/ruby/gems/2.1.0/gems/web-console-2.0.0.beta3/lib/action_dispatch/templates/rescues/_web_console.html.erb (0.8ms)
  Rendered /Users/timothyshull/.rbenv/versions/2.1.4/lib/ruby/gems/2.1.0/gems/web-console-2.0.0.beta3/lib/action_dispatch/templates/rescues/diagnostics.html.erb within rescues/layout (34.3ms)


Started GET "/" for ::1 at 2014-10-27 15:19:39 -0700
Processing by ApplicationController#hello as HTML
  Rendered text template (0.0ms)
Completed 200 OK in 11ms (Views: 4.2ms | ActiveRecord: 0.0ms)


Started GET "/" for ::1 at 2014-10-27 15:22:07 -0700
Processing by ApplicationController#goodbye as HTML
  Rendered text template (0.0ms)
Completed 200 OK in 11ms (Views: 4.3ms | ActiveRecord: 0.0ms)


Started GET "/" for ::1 at 2014-10-27 15:23:27 -0700
Processing by ApplicationController#goodbye as HTML
  Rendered text template (0.0ms)
Completed 200 OK in 11ms (Views: 4.2ms | ActiveRecord: 0.0ms)
