  [1m[36m (1.1ms)[0m  [1mCREATE TABLE "schema_migrations" ("version" varchar NOT NULL) [0m
  [1m[35m (0.1ms)[0m  select sqlite_version(*)
  [1m[36m (1.0ms)[0m  [1mCREATE UNIQUE INDEX "unique_schema_migrations" ON "schema_migrations" ("version")[0m
  [1m[35mActiveRecord::SchemaMigration Load (0.1ms)[0m  SELECT "schema_migrations".* FROM "schema_migrations"
Migrating to CreateUsers (20141027234625)
  [1m[36m (0.1ms)[0m  [1mbegin transaction[0m
  [1m[35m (0.3ms)[0m  CREATE TABLE "users" ("id" INTEGER PRIMARY KEY AUTOINCREMENT NOT NULL, "name" varchar, "email" varchar, "created_at" datetime NOT NULL, "updated_at" datetime NOT NULL) 
  [1m[36mSQL (0.2ms)[0m  [1mINSERT INTO "schema_migrations" ("version") VALUES (?)[0m  [["version", "20141027234625"]]
  [1m[35m (0.8ms)[0m  commit transaction
  [1m[36mActiveRecord::SchemaMigration Load (0.1ms)[0m  [1mSELECT "schema_migrations".* FROM "schema_migrations"[0m


Started GET "/" for ::1 at 2014-10-27 16:50:14 -0700
  [1m[36mActiveRecord::SchemaMigration Load (0.1ms)[0m  [1mSELECT "schema_migrations".* FROM "schema_migrations"[0m

ActionController::RoutingError (uninitialized constant WelcomeController):
  activesupport (4.2.0.beta2) lib/active_support/inflector/methods.rb:261:in `const_get'
  activesupport (4.2.0.beta2) lib/active_support/inflector/methods.rb:261:in `block in constantize'
  activesupport (4.2.0.beta2) lib/active_support/inflector/methods.rb:259:in `each'
  activesupport (4.2.0.beta2) lib/active_support/inflector/methods.rb:259:in `inject'
  activesupport (4.2.0.beta2) lib/active_support/inflector/methods.rb:259:in `constantize'
  actionpack (4.2.0.beta2) lib/action_dispatch/routing/route_set.rb:68:in `controller_reference'
  actionpack (4.2.0.beta2) lib/action_dispatch/routing/route_set.rb:58:in `controller'
  actionpack (4.2.0.beta2) lib/action_dispatch/routing/route_set.rb:37:in `serve'
  actionpack (4.2.0.beta2) lib/action_dispatch/journey/router.rb:43:in `block in serve'
  actionpack (4.2.0.beta2) lib/action_dispatch/journey/router.rb:30:in `each'
  actionpack (4.2.0.beta2) lib/action_dispatch/journey/router.rb:30:in `serve'
  actionpack (4.2.0.beta2) lib/action_dispatch/routing/route_set.rb:750:in `call'
  rack (1.6.0.beta) lib/rack/etag.rb:23:in `call'
  rack (1.6.0.beta) lib/rack/conditionalget.rb:25:in `call'
  rack (1.6.0.beta) lib/rack/head.rb:13:in `call'
  actionpack (4.2.0.beta2) lib/action_dispatch/middleware/params_parser.rb:27:in `call'
  actionpack (4.2.0.beta2) lib/action_dispatch/middleware/flash.rb:257:in `call'
  rack (1.6.0.beta) lib/rack/session/abstract/id.rb:225:in `context'
  rack (1.6.0.beta) lib/rack/session/abstract/id.rb:220:in `call'
  actionpack (4.2.0.beta2) lib/action_dispatch/middleware/cookies.rb:558:in `call'
  activerecord (4.2.0.beta2) lib/active_record/query_cache.rb:36:in `call'
  activerecord (4.2.0.beta2) lib/active_record/connection_adapters/abstract/connection_pool.rb:645:in `call'
  activerecord (4.2.0.beta2) lib/active_record/migration.rb:378:in `call'
  actionpack (4.2.0.beta2) lib/action_dispatch/middleware/callbacks.rb:29:in `block in call'
  activesupport (4.2.0.beta2) lib/active_support/callbacks.rb:83:in `run_callbacks'
  actionpack (4.2.0.beta2) lib/action_dispatch/middleware/callbacks.rb:27:in `call'
  actionpack (4.2.0.beta2) lib/action_dispatch/middleware/reloader.rb:73:in `call'
  actionpack (4.2.0.beta2) lib/action_dispatch/middleware/remote_ip.rb:78:in `call'
  web-console (2.0.0.beta4) lib/action_dispatch/debug_exceptions.rb:18:in `middleware_call'
  web-console (2.0.0.beta4) lib/action_dispatch/debug_exceptions.rb:13:in `call'
  actionpack (4.2.0.beta2) lib/action_dispatch/middleware/show_exceptions.rb:30:in `call'
  railties (4.2.0.beta2) lib/rails/rack/logger.rb:38:in `call_app'
  railties (4.2.0.beta2) lib/rails/rack/logger.rb:20:in `block in call'
  activesupport (4.2.0.beta2) lib/active_support/tagged_logging.rb:68:in `block in tagged'
  activesupport (4.2.0.beta2) lib/active_support/tagged_logging.rb:26:in `tagged'
  activesupport (4.2.0.beta2) lib/active_support/tagged_logging.rb:68:in `tagged'
  railties (4.2.0.beta2) lib/rails/rack/logger.rb:20:in `call'
  actionpack (4.2.0.beta2) lib/action_dispatch/middleware/request_id.rb:21:in `call'
  rack (1.6.0.beta) lib/rack/methodoverride.rb:22:in `call'
  rack (1.6.0.beta) lib/rack/runtime.rb:17:in `call'
  activesupport (4.2.0.beta2) lib/active_support/cache/strategy/local_cache_middleware.rb:28:in `call'
  rack (1.6.0.beta) lib/rack/lock.rb:17:in `call'
  actionpack (4.2.0.beta2) lib/action_dispatch/middleware/static.rb:103:in `call'
  rack (1.6.0.beta) lib/rack/sendfile.rb:113:in `call'
  railties (4.2.0.beta2) lib/rails/engine.rb:514:in `call'
  railties (4.2.0.beta2) lib/rails/application.rb:161:in `call'
  rack (1.6.0.beta) lib/rack/tempfile_reaper.rb:15:in `call'
  rack (1.6.0.beta) lib/rack/lint.rb:49:in `_call'
  rack (1.6.0.beta) lib/rack/lint.rb:37:in `call'
  rack (1.6.0.beta) lib/rack/showexceptions.rb:24:in `call'
  rack (1.6.0.beta) lib/rack/commonlogger.rb:33:in `call'
  rack (1.6.0.beta) lib/rack/chunked.rb:54:in `call'
  rack (1.6.0.beta) lib/rack/content_length.rb:15:in `call'
  rack (1.6.0.beta) lib/rack/handler/webrick.rb:89:in `service'
  /Users/timothyshull/.rbenv/versions/2.1.4/lib/ruby/2.1.0/webrick/httpserver.rb:138:in `service'
  /Users/timothyshull/.rbenv/versions/2.1.4/lib/ruby/2.1.0/webrick/httpserver.rb:94:in `run'
  /Users/timothyshull/.rbenv/versions/2.1.4/lib/ruby/2.1.0/webrick/server.rb:295:in `block in start_thread'


  Rendered /Users/timothyshull/.rbenv/versions/2.1.4/lib/ruby/gems/2.1.0/gems/web-console-2.0.0.beta4/lib/action_dispatch/templates/rescues/_trace.html.erb (1.6ms)
  Rendered /Users/timothyshull/.rbenv/versions/2.1.4/lib/ruby/gems/2.1.0/gems/web-console-2.0.0.beta4/lib/action_dispatch/templates/routes/_route.html.erb (1.1ms)
  Rendered /Users/timothyshull/.rbenv/versions/2.1.4/lib/ruby/gems/2.1.0/gems/web-console-2.0.0.beta4/lib/action_dispatch/templates/routes/_table.html.erb (8.0ms)
  Rendered /Users/timothyshull/.rbenv/versions/2.1.4/lib/ruby/gems/2.1.0/gems/web-console-2.0.0.beta4/lib/action_dispatch/templates/rescues/routing_error.html.erb within rescues/layout (32.8ms)


Started GET "/users" for ::1 at 2014-10-27 16:51:14 -0700
Processing by UsersController#index as HTML
  [1m[35mUser Load (0.2ms)[0m  SELECT "users".* FROM "users"
  Rendered users/index.html.erb within layouts/application (1.8ms)
Warning. Error encountered while saving cache 3c1a8dc80cd99428dbd99e9e732ed99d06e5a0b6/scaffolds.css.scssc: can't dump anonymous class #<Class:0x007fb2439f85b0>

Warning. Error encountered while saving cache 3c1a8dc80cd99428dbd99e9e732ed99d06e5a0b6/users.css.scssc: can't dump anonymous class #<Class:0x007fb2439f85b0>

Completed 200 OK in 615ms (Views: 605.4ms | ActiveRecord: 0.3ms)


Started GET "/assets/scaffolds-01a330e8e441c255ca8d88fe7df4eac8.css?body=1" for ::1 at 2014-10-27 16:51:15 -0700


Started GET "/assets/users-64845c436e75ac587deec98177291d4e.css?body=1" for ::1 at 2014-10-27 16:51:15 -0700


Started GET "/assets/application-5db32ab3d3d1c37760ef3c80e4c4c025.css?body=1" for ::1 at 2014-10-27 16:51:15 -0700


Started GET "/assets/jquery-6a50177757f6c64493882fb7aae952c3.js?body=1" for ::1 at 2014-10-27 16:51:15 -0700


Started GET "/assets/jquery_ujs-03cb26c4b41579fc5e95ea8f47ac5e18.js?body=1" for ::1 at 2014-10-27 16:51:15 -0700


Started GET "/assets/users-32740fa4bc301ff5ef2eca5d8d82335a.js?body=1" for ::1 at 2014-10-27 16:51:15 -0700


Started GET "/assets/turbolinks-cded62415a0d4fe656851f18de2622a5.js?body=1" for ::1 at 2014-10-27 16:51:15 -0700


Started GET "/assets/application-903c7cae7762c15df7344a13cbcb2439.js?body=1" for ::1 at 2014-10-27 16:51:15 -0700


Started GET "/users/new" for ::1 at 2014-10-27 16:51:43 -0700
Processing by UsersController#new as HTML
  Rendered users/_form.html.erb (12.6ms)
  Rendered users/new.html.erb within layouts/application (14.1ms)
Completed 200 OK in 64ms (Views: 60.8ms | ActiveRecord: 0.2ms)


Started POST "/users" for ::1 at 2014-10-27 16:51:58 -0700
Processing by UsersController#create as HTML
  Parameters: {"utf8"=>"✓", "authenticity_token"=>"awKQaHC6JtgUoNK5x9No41InbpGAQNLtP4lNRHl473H5RyDl8yQvjG/JdTeCn1KpChPEt/v3rWDXHTJeDL505A==", "user"=>{"name"=>"Tim", "email"=>"timothyshull@gmail.com"}, "commit"=>"Create User"}
  [1m[36m (0.1ms)[0m  [1mbegin transaction[0m
  [1m[35mSQL (0.4ms)[0m  INSERT INTO "users" ("created_at", "email", "name", "updated_at") VALUES (?, ?, ?, ?)  [["created_at", "2014-10-27 23:51:58.414719"], ["email", "timothyshull@gmail.com"], ["name", "Tim"], ["updated_at", "2014-10-27 23:51:58.414719"]]
  [1m[36m (0.6ms)[0m  [1mcommit transaction[0m
Redirected to http://localhost:3000/users/1
Completed 302 Found in 7ms (ActiveRecord: 1.1ms)


Started GET "/users/1" for ::1 at 2014-10-27 16:51:58 -0700
Processing by UsersController#show as HTML
  Parameters: {"id"=>"1"}
  [1m[35mUser Load (0.2ms)[0m  SELECT  "users".* FROM "users" WHERE "users"."id" = ? LIMIT 1  [["id", 1]]
  Rendered users/show.html.erb within layouts/application (0.7ms)
Completed 200 OK in 90ms (Views: 82.4ms | ActiveRecord: 0.2ms)


Started GET "/new" for ::1 at 2014-10-27 16:53:04 -0700

ActionController::RoutingError (No route matches [GET] "/new"):
  web-console (2.0.0.beta4) lib/action_dispatch/debug_exceptions.rb:22:in `middleware_call'
  web-console (2.0.0.beta4) lib/action_dispatch/debug_exceptions.rb:13:in `call'
  actionpack (4.2.0.beta2) lib/action_dispatch/middleware/show_exceptions.rb:30:in `call'
  railties (4.2.0.beta2) lib/rails/rack/logger.rb:38:in `call_app'
  railties (4.2.0.beta2) lib/rails/rack/logger.rb:20:in `block in call'
  activesupport (4.2.0.beta2) lib/active_support/tagged_logging.rb:68:in `block in tagged'
  activesupport (4.2.0.beta2) lib/active_support/tagged_logging.rb:26:in `tagged'
  activesupport (4.2.0.beta2) lib/active_support/tagged_logging.rb:68:in `tagged'
  railties (4.2.0.beta2) lib/rails/rack/logger.rb:20:in `call'
  actionpack (4.2.0.beta2) lib/action_dispatch/middleware/request_id.rb:21:in `call'
  rack (1.6.0.beta) lib/rack/methodoverride.rb:22:in `call'
  rack (1.6.0.beta) lib/rack/runtime.rb:17:in `call'
  activesupport (4.2.0.beta2) lib/active_support/cache/strategy/local_cache_middleware.rb:28:in `call'
  rack (1.6.0.beta) lib/rack/lock.rb:17:in `call'
  actionpack (4.2.0.beta2) lib/action_dispatch/middleware/static.rb:103:in `call'
  rack (1.6.0.beta) lib/rack/sendfile.rb:113:in `call'
  railties (4.2.0.beta2) lib/rails/engine.rb:514:in `call'
  railties (4.2.0.beta2) lib/rails/application.rb:161:in `call'
  rack (1.6.0.beta) lib/rack/tempfile_reaper.rb:15:in `call'
  rack (1.6.0.beta) lib/rack/lint.rb:49:in `_call'
  rack (1.6.0.beta) lib/rack/lint.rb:37:in `call'
  rack (1.6.0.beta) lib/rack/showexceptions.rb:24:in `call'
  rack (1.6.0.beta) lib/rack/commonlogger.rb:33:in `call'
  rack (1.6.0.beta) lib/rack/chunked.rb:54:in `call'
  rack (1.6.0.beta) lib/rack/content_length.rb:15:in `call'
  rack (1.6.0.beta) lib/rack/handler/webrick.rb:89:in `service'
  /Users/timothyshull/.rbenv/versions/2.1.4/lib/ruby/2.1.0/webrick/httpserver.rb:138:in `service'
  /Users/timothyshull/.rbenv/versions/2.1.4/lib/ruby/2.1.0/webrick/httpserver.rb:94:in `run'
  /Users/timothyshull/.rbenv/versions/2.1.4/lib/ruby/2.1.0/webrick/server.rb:295:in `block in start_thread'


  Rendered /Users/timothyshull/.rbenv/versions/2.1.4/lib/ruby/gems/2.1.0/gems/web-console-2.0.0.beta4/lib/action_dispatch/templates/rescues/_trace.html.erb (1.2ms)
  Rendered /Users/timothyshull/.rbenv/versions/2.1.4/lib/ruby/gems/2.1.0/gems/web-console-2.0.0.beta4/lib/action_dispatch/templates/routes/_route.html.erb (0.8ms)
  Rendered /Users/timothyshull/.rbenv/versions/2.1.4/lib/ruby/gems/2.1.0/gems/web-console-2.0.0.beta4/lib/action_dispatch/templates/routes/_table.html.erb (1.3ms)
  Rendered /Users/timothyshull/.rbenv/versions/2.1.4/lib/ruby/gems/2.1.0/gems/web-console-2.0.0.beta4/lib/action_dispatch/templates/rescues/routing_error.html.erb within rescues/layout (16.0ms)


Started GET "/users" for ::1 at 2014-10-27 16:53:11 -0700
Processing by UsersController#index as HTML
  [1m[36mUser Load (0.1ms)[0m  [1mSELECT "users".* FROM "users"[0m
  Rendered users/index.html.erb within layouts/application (1.0ms)
Completed 200 OK in 48ms (Views: 46.9ms | ActiveRecord: 0.1ms)


Started GET "/users/new" for ::1 at 2014-10-27 16:53:16 -0700
Processing by UsersController#new as HTML
  Rendered users/_form.html.erb (1.7ms)
  Rendered users/new.html.erb within layouts/application (3.0ms)
Completed 200 OK in 50ms (Views: 49.5ms | ActiveRecord: 0.0ms)


Started POST "/users" for ::1 at 2014-10-27 16:53:28 -0700
Processing by UsersController#create as HTML
  Parameters: {"utf8"=>"✓", "authenticity_token"=>"i0r4FkDs04CCk9YrI44pFoKQEtX86rW8W4NsRnBhv5sZD0ibw3La1Pn6caVmwhNc2qS484ddyjGzFxNcBackDg==", "user"=>{"name"=>"Jiwon", "email"=>"jijipaik@gmail.com"}, "commit"=>"Create User"}
  [1m[35m (0.1ms)[0m  begin transaction
  [1m[36mSQL (0.2ms)[0m  [1mINSERT INTO "users" ("created_at", "email", "name", "updated_at") VALUES (?, ?, ?, ?)[0m  [["created_at", "2014-10-27 23:53:28.417700"], ["email", "jijipaik@gmail.com"], ["name", "Jiwon"], ["updated_at", "2014-10-27 23:53:28.417700"]]
  [1m[35m (0.5ms)[0m  commit transaction
Redirected to http://localhost:3000/users/2
Completed 302 Found in 3ms (ActiveRecord: 0.9ms)


Started GET "/users/2" for ::1 at 2014-10-27 16:53:28 -0700
Processing by UsersController#show as HTML
  Parameters: {"id"=>"2"}
  [1m[36mUser Load (0.1ms)[0m  [1mSELECT  "users".* FROM "users" WHERE "users"."id" = ? LIMIT 1[0m  [["id", 2]]
  Rendered users/show.html.erb within layouts/application (0.3ms)
Completed 200 OK in 54ms (Views: 53.3ms | ActiveRecord: 0.1ms)


Started GET "/assets/jquery_ujs-03cb26c4b41579fc5e95ea8f47ac5e18.js?body=1" for ::1 at 2014-10-27 16:53:28 -0700


Started GET "/assets/jquery-6a50177757f6c64493882fb7aae952c3.js?body=1" for ::1 at 2014-10-27 16:53:28 -0700


Started GET "/assets/jquery_ujs-03cb26c4b41579fc5e95ea8f47ac5e18.js?body=1" for ::1 at 2014-10-27 16:53:28 -0700


Started GET "/users" for ::1 at 2014-10-27 16:53:35 -0700
Processing by UsersController#index as HTML
  [1m[35mUser Load (0.2ms)[0m  SELECT "users".* FROM "users"
  Rendered users/index.html.erb within layouts/application (7.0ms)
Completed 200 OK in 60ms (Views: 59.1ms | ActiveRecord: 0.2ms)


Started DELETE "/users/2" for ::1 at 2014-10-27 16:54:07 -0700
Processing by UsersController#destroy as HTML
  Parameters: {"authenticity_token"=>"3cRnZMRXHjm7mmT6mmbHSB4j1SQt3mwWYvpH2JBPrd9PgdfpR8kXbcDzw3TfKv0CRhd/AlZpE5uKbjjC5Yk2Sg==", "id"=>"2"}
  [1m[36mUser Load (0.1ms)[0m  [1mSELECT  "users".* FROM "users" WHERE "users"."id" = ? LIMIT 1[0m  [["id", 2]]
  [1m[35m (0.0ms)[0m  begin transaction
  [1m[36mSQL (0.2ms)[0m  [1mDELETE FROM "users" WHERE "users"."id" = ?[0m  [["id", 2]]
  [1m[35m (1.9ms)[0m  commit transaction
Redirected to http://localhost:3000/users
Completed 302 Found in 4ms (ActiveRecord: 2.3ms)


Started GET "/users" for ::1 at 2014-10-27 16:54:07 -0700
Processing by UsersController#index as HTML
  [1m[36mUser Load (0.1ms)[0m  [1mSELECT "users".* FROM "users"[0m
  Rendered users/index.html.erb within layouts/application (1.0ms)
Completed 200 OK in 58ms (Views: 57.3ms | ActiveRecord: 0.1ms)


Started GET "/assets/jquery-6a50177757f6c64493882fb7aae952c3.js?body=1" for ::1 at 2014-10-27 16:54:07 -0700


Started GET "/assets/jquery_ujs-03cb26c4b41579fc5e95ea8f47ac5e18.js?body=1" for ::1 at 2014-10-27 16:54:07 -0700


Started DELETE "/users/1" for ::1 at 2014-10-27 16:54:12 -0700
Processing by UsersController#destroy as HTML
  Parameters: {"authenticity_token"=>"yASRpxzQwptj58xY4zW6Z2yrOZ2LfEYJ85290hBpKWBaQSEqn07LzxiOa9ameYAtNJ+Tu/DLOYQbCcLIZa+y9Q==", "id"=>"1"}
  [1m[35mUser Load (0.1ms)[0m  SELECT  "users".* FROM "users" WHERE "users"."id" = ? LIMIT 1  [["id", 1]]
  [1m[36m (0.1ms)[0m  [1mbegin transaction[0m
  [1m[35mSQL (0.2ms)[0m  DELETE FROM "users" WHERE "users"."id" = ?  [["id", 1]]
  [1m[36m (2.8ms)[0m  [1mcommit transaction[0m
Redirected to http://localhost:3000/users
Completed 302 Found in 5ms (ActiveRecord: 3.2ms)


Started GET "/users" for ::1 at 2014-10-27 16:54:12 -0700
Processing by UsersController#index as HTML
  [1m[35mUser Load (0.2ms)[0m  SELECT "users".* FROM "users"
  Rendered users/index.html.erb within layouts/application (0.9ms)
Completed 200 OK in 59ms (Views: 58.0ms | ActiveRecord: 0.2ms)


Started GET "/assets/jquery-6a50177757f6c64493882fb7aae952c3.js?body=1" for ::1 at 2014-10-27 16:54:13 -0700


Started GET "/assets/jquery_ujs-03cb26c4b41579fc5e95ea8f47ac5e18.js?body=1" for ::1 at 2014-10-27 16:54:13 -0700


Started GET "/assets/jquery_ujs-03cb26c4b41579fc5e95ea8f47ac5e18.js?body=1" for ::1 at 2014-10-27 16:54:13 -0700


Started GET "/users" for ::1 at 2014-10-27 18:05:44 -0700
  [1m[36mActiveRecord::SchemaMigration Load (0.1ms)[0m  [1mSELECT "schema_migrations".* FROM "schema_migrations"[0m
Processing by UsersController#index as HTML
  [1m[35mUser Load (0.2ms)[0m  SELECT "users".* FROM "users"
  Rendered users/index.html.erb within layouts/application (3.4ms)
Completed 200 OK in 114ms (Views: 103.0ms | ActiveRecord: 0.3ms)


Started GET "/users/new" for ::1 at 2014-10-27 18:05:58 -0700
Processing by UsersController#new as HTML
  Rendered users/_form.html.erb (22.4ms)
  Rendered users/new.html.erb within layouts/application (28.0ms)
Completed 200 OK in 78ms (Views: 74.4ms | ActiveRecord: 0.2ms)


Started POST "/users" for ::1 at 2014-10-27 18:06:05 -0700
Processing by UsersController#create as HTML
  Parameters: {"utf8"=>"✓", "authenticity_token"=>"qZAX31P3e0OsDMySFm2EAnwEBslWcCxksWDgFWaDlKF8hIGs2gBoXiAnuoH9MR+v8yN3D5sAsYX95ZYXDtyoLg==", "user"=>{"name"=>"Tim", "email"=>"timothyshull@gmail.com"}, "commit"=>"Create User"}
  [1m[36m (0.1ms)[0m  [1mbegin transaction[0m
  [1m[35mSQL (0.5ms)[0m  INSERT INTO "users" ("created_at", "email", "name", "updated_at") VALUES (?, ?, ?, ?)  [["created_at", "2014-10-28 01:06:05.353886"], ["email", "timothyshull@gmail.com"], ["name", "Tim"], ["updated_at", "2014-10-28 01:06:05.353886"]]
  [1m[36m (1.1ms)[0m  [1mcommit transaction[0m
Redirected to http://localhost:3000/users/3
Completed 302 Found in 7ms (ActiveRecord: 1.7ms)


Started GET "/users/3" for ::1 at 2014-10-27 18:06:05 -0700
Processing by UsersController#show as HTML
  Parameters: {"id"=>"3"}
  [1m[35mUser Load (0.3ms)[0m  SELECT  "users".* FROM "users" WHERE "users"."id" = ? LIMIT 1  [["id", 3]]
  Rendered users/show.html.erb within layouts/application (0.7ms)
Completed 200 OK in 58ms (Views: 51.1ms | ActiveRecord: 0.3ms)


Started GET "/users" for ::1 at 2014-10-27 18:06:06 -0700
Processing by UsersController#index as HTML
  [1m[36mUser Load (0.2ms)[0m  [1mSELECT "users".* FROM "users"[0m
  Rendered users/index.html.erb within layouts/application (1.5ms)
Completed 200 OK in 81ms (Views: 80.2ms | ActiveRecord: 0.1ms)


Started GET "/users/new" for ::1 at 2014-10-27 18:06:08 -0700
Processing by UsersController#new as HTML
  Rendered users/_form.html.erb (1.9ms)
  Rendered users/new.html.erb within layouts/application (2.9ms)
Completed 200 OK in 53ms (Views: 52.3ms | ActiveRecord: 0.0ms)


Started POST "/users" for ::1 at 2014-10-27 18:06:18 -0700
Processing by UsersController#create as HTML
  Parameters: {"utf8"=>"✓", "authenticity_token"=>"FMd+C69xXTkwr3iBeHAtYM6jDlzs13FuhKaqS802NT7B0+h4JoZOJLyEDpKTLLbNQYR/miGn7I/II9xJpWkJsQ==", "user"=>{"name"=>"Jiwon", "email"=>"jijipaik@gmail.com"}, "commit"=>"Create User"}
  [1m[35m (0.1ms)[0m  begin transaction
  [1m[36mSQL (0.3ms)[0m  [1mINSERT INTO "users" ("created_at", "email", "name", "updated_at") VALUES (?, ?, ?, ?)[0m  [["created_at", "2014-10-28 01:06:18.492633"], ["email", "jijipaik@gmail.com"], ["name", "Jiwon"], ["updated_at", "2014-10-28 01:06:18.492633"]]
  [1m[35m (0.6ms)[0m  commit transaction
Redirected to http://localhost:3000/users/4
Completed 302 Found in 4ms (ActiveRecord: 1.0ms)


Started GET "/users/4" for ::1 at 2014-10-27 18:06:18 -0700
Processing by UsersController#show as HTML
  Parameters: {"id"=>"4"}
  [1m[36mUser Load (0.1ms)[0m  [1mSELECT  "users".* FROM "users" WHERE "users"."id" = ? LIMIT 1[0m  [["id", 4]]
  Rendered users/show.html.erb within layouts/application (0.3ms)
Completed 200 OK in 56ms (Views: 55.0ms | ActiveRecord: 0.1ms)


Started GET "/users" for ::1 at 2014-10-27 18:06:21 -0700
Processing by UsersController#index as HTML
  [1m[35mUser Load (0.2ms)[0m  SELECT "users".* FROM "users"
  Rendered users/index.html.erb within layouts/application (1.2ms)
Completed 200 OK in 62ms (Views: 61.2ms | ActiveRecord: 0.2ms)


Started GET "/users/4" for ::1 at 2014-10-27 18:06:38 -0700
Processing by UsersController#show as HTML
  Parameters: {"id"=>"4"}
  [1m[36mUser Load (0.1ms)[0m  [1mSELECT  "users".* FROM "users" WHERE "users"."id" = ? LIMIT 1[0m  [["id", 4]]
  Rendered users/show.html.erb within layouts/application (0.7ms)
Completed 200 OK in 52ms (Views: 50.8ms | ActiveRecord: 0.1ms)


Started GET "/users/3" for ::1 at 2014-10-27 18:06:42 -0700
Processing by UsersController#show as HTML
  Parameters: {"id"=>"3"}
  [1m[35mUser Load (0.1ms)[0m  SELECT  "users".* FROM "users" WHERE "users"."id" = ? LIMIT 1  [["id", 3]]
  Rendered users/show.html.erb within layouts/application (0.3ms)
Completed 200 OK in 53ms (Views: 52.6ms | ActiveRecord: 0.1ms)


Started DELETE "/users/4" for ::1 at 2014-10-27 18:06:50 -0700
Processing by UsersController#destroy as HTML
  Parameters: {"authenticity_token"=>"aGNPyl0dLRc5l9yiBG9awfO1ES3nWxP3UhxYkkPx/Ue9d9m51Oo+CrW8qrHvM8FsfJJg6yorjhYemS6QK67ByA==", "id"=>"4"}
  [1m[36mUser Load (0.1ms)[0m  [1mSELECT  "users".* FROM "users" WHERE "users"."id" = ? LIMIT 1[0m  [["id", 4]]
  [1m[35m (0.0ms)[0m  begin transaction
  [1m[36mSQL (0.3ms)[0m  [1mDELETE FROM "users" WHERE "users"."id" = ?[0m  [["id", 4]]
  [1m[35m (0.6ms)[0m  commit transaction
Redirected to http://localhost:3000/users
Completed 302 Found in 3ms (ActiveRecord: 1.1ms)


Started GET "/users" for ::1 at 2014-10-27 18:06:50 -0700
Processing by UsersController#index as HTML
  [1m[36mUser Load (0.2ms)[0m  [1mSELECT "users".* FROM "users"[0m
  Rendered users/index.html.erb within layouts/application (1.0ms)
Completed 200 OK in 58ms (Views: 57.5ms | ActiveRecord: 0.2ms)


Started DELETE "/users/3" for ::1 at 2014-10-27 18:06:52 -0700
Processing by UsersController#destroy as HTML
  Parameters: {"authenticity_token"=>"sUI/oaF3v8j7djX7K2rCf8686Huje/FB+5FlUHdBxCZkVqnSKICs1XddQ+jANlnSQZuZvW4LbKC3FBNSHx74qQ==", "id"=>"3"}
  [1m[35mUser Load (0.2ms)[0m  SELECT  "users".* FROM "users" WHERE "users"."id" = ? LIMIT 1  [["id", 3]]
  [1m[36m (0.1ms)[0m  [1mbegin transaction[0m
  [1m[35mSQL (0.2ms)[0m  DELETE FROM "users" WHERE "users"."id" = ?  [["id", 3]]
  [1m[36m (1.9ms)[0m  [1mcommit transaction[0m
Redirected to http://localhost:3000/users
Completed 302 Found in 4ms (ActiveRecord: 2.3ms)


Started GET "/users" for ::1 at 2014-10-27 18:06:52 -0700
Processing by UsersController#index as HTML
  [1m[35mUser Load (0.2ms)[0m  SELECT "users".* FROM "users"
  Rendered users/index.html.erb within layouts/application (0.9ms)
Completed 200 OK in 62ms (Views: 61.3ms | ActiveRecord: 0.2ms)
  [1m[36mActiveRecord::SchemaMigration Load (0.5ms)[0m  [1mSELECT "schema_migrations".* FROM "schema_migrations"[0m
Migrating to CreateMicroposts (20141028024748)
  [1m[35m (0.1ms)[0m  begin transaction
  [1m[36m (0.4ms)[0m  [1mCREATE TABLE "microposts" ("id" INTEGER PRIMARY KEY AUTOINCREMENT NOT NULL, "content" text, "user_id" integer, "created_at" datetime NOT NULL, "updated_at" datetime NOT NULL) [0m
  [1m[35mSQL (0.3ms)[0m  INSERT INTO "schema_migrations" ("version") VALUES (?)  [["version", "20141028024748"]]
  [1m[36m (0.8ms)[0m  [1mcommit transaction[0m
  [1m[35mActiveRecord::SchemaMigration Load (0.1ms)[0m  SELECT "schema_migrations".* FROM "schema_migrations"


Started GET "/users" for ::1 at 2014-10-27 19:49:42 -0700
  [1m[36mActiveRecord::SchemaMigration Load (0.1ms)[0m  [1mSELECT "schema_migrations".* FROM "schema_migrations"[0m
Processing by UsersController#index as HTML
  [1m[35mUser Load (0.1ms)[0m  SELECT "users".* FROM "users"
  Rendered users/index.html.erb within layouts/application (2.8ms)
Warning. Error encountered while saving cache 3c1a8dc80cd99428dbd99e9e732ed99d06e5a0b6/microposts.css.scssc: can't dump anonymous class #<Class:0x007f8333e83df8>

Completed 200 OK in 404ms (Views: 394.7ms | ActiveRecord: 0.2ms)


Started GET "/assets/microposts-64845c436e75ac587deec98177291d4e.css?body=1" for ::1 at 2014-10-27 19:49:42 -0700


Started GET "/assets/microposts-32740fa4bc301ff5ef2eca5d8d82335a.js?body=1" for ::1 at 2014-10-27 19:49:42 -0700


Started GET "/assets/application-39c924af3a6aa3d8809e65d11764414b.js?body=1" for ::1 at 2014-10-27 19:49:42 -0700


Started GET "/microposts" for ::1 at 2014-10-27 19:49:53 -0700
Processing by MicropostsController#index as HTML
  [1m[36mMicropost Load (0.2ms)[0m  [1mSELECT "microposts".* FROM "microposts"[0m
  Rendered microposts/index.html.erb within layouts/application (1.9ms)
Completed 200 OK in 121ms (Views: 118.4ms | ActiveRecord: 0.2ms)


Started GET "/microposts/new" for ::1 at 2014-10-27 19:49:55 -0700
Processing by MicropostsController#new as HTML
  Rendered microposts/_form.html.erb (21.5ms)
  Rendered microposts/new.html.erb within layouts/application (27.2ms)
Completed 200 OK in 91ms (Views: 87.9ms | ActiveRecord: 0.3ms)


Started GET "/users" for ::1 at 2014-10-27 19:50:03 -0700
Processing by UsersController#index as HTML
  [1m[35mUser Load (0.1ms)[0m  SELECT "users".* FROM "users"
  Rendered users/index.html.erb within layouts/application (0.7ms)
Completed 200 OK in 66ms (Views: 65.6ms | ActiveRecord: 0.1ms)


Started GET "/users/new" for ::1 at 2014-10-27 19:50:05 -0700
Processing by UsersController#new as HTML
  Rendered users/_form.html.erb (2.5ms)
  Rendered users/new.html.erb within layouts/application (4.8ms)
Completed 200 OK in 81ms (Views: 78.1ms | ActiveRecord: 0.1ms)


Started POST "/users" for ::1 at 2014-10-27 19:50:12 -0700
Processing by UsersController#create as HTML
  Parameters: {"utf8"=>"✓", "authenticity_token"=>"wok+bzrbRyq5sftgdXcejjXJwIT3Wv30vLGeGxnZ8HH/x9EJUQnFUtz7u6IhccBw2svyIRnGAno/xriu5IbQJA==", "user"=>{"name"=>"Tim", "email"=>"timothyshull@gmail.com"}, "commit"=>"Create User"}
  [1m[36m (0.1ms)[0m  [1mbegin transaction[0m
  [1m[35mSQL (0.4ms)[0m  INSERT INTO "users" ("created_at", "email", "name", "updated_at") VALUES (?, ?, ?, ?)  [["created_at", "2014-10-28 02:50:12.291494"], ["email", "timothyshull@gmail.com"], ["name", "Tim"], ["updated_at", "2014-10-28 02:50:12.291494"]]
  [1m[36m (0.7ms)[0m  [1mcommit transaction[0m
Redirected to http://localhost:3000/users/5
Completed 302 Found in 6ms (ActiveRecord: 1.2ms)


Started GET "/users/5" for ::1 at 2014-10-27 19:50:12 -0700
Processing by UsersController#show as HTML
  Parameters: {"id"=>"5"}
  [1m[35mUser Load (0.2ms)[0m  SELECT  "users".* FROM "users" WHERE "users"."id" = ? LIMIT 1  [["id", 5]]
  Rendered users/show.html.erb within layouts/application (0.7ms)
Completed 200 OK in 83ms (Views: 75.6ms | ActiveRecord: 0.2ms)


Started GET "/microposts/new" for ::1 at 2014-10-27 19:50:20 -0700
Processing by MicropostsController#new as HTML
  Rendered microposts/_form.html.erb (2.1ms)
  Rendered microposts/new.html.erb within layouts/application (3.4ms)
Completed 200 OK in 75ms (Views: 74.0ms | ActiveRecord: 0.0ms)


Started POST "/microposts" for ::1 at 2014-10-27 19:50:34 -0700
Processing by MicropostsController#create as HTML
  Parameters: {"utf8"=>"✓", "authenticity_token"=>"x+LuSNfsx/GIrhoA85Bqv2M45FnyKvtsYGCAgv4IH3j6rAEuvD5Fie3kWsKnlrRBjDrW/By2BOLjF6Y3A1c/LQ==", "micropost"=>{"content"=>"Hey there!", "user_id"=>"1"}, "commit"=>"Create Micropost"}
  [1m[36m (0.1ms)[0m  [1mbegin transaction[0m
  [1m[35mSQL (0.3ms)[0m  INSERT INTO "microposts" ("content", "created_at", "updated_at", "user_id") VALUES (?, ?, ?, ?)  [["content", "Hey there!"], ["created_at", "2014-10-28 02:50:34.178754"], ["updated_at", "2014-10-28 02:50:34.178754"], ["user_id", 1]]
  [1m[36m (1.8ms)[0m  [1mcommit transaction[0m
Redirected to http://localhost:3000/microposts/1
Completed 302 Found in 5ms (ActiveRecord: 2.2ms)


Started GET "/microposts/1" for ::1 at 2014-10-27 19:50:34 -0700
Processing by MicropostsController#show as HTML
  Parameters: {"id"=>"1"}
  [1m[35mMicropost Load (0.2ms)[0m  SELECT  "microposts".* FROM "microposts" WHERE "microposts"."id" = ? LIMIT 1  [["id", 1]]
  Rendered microposts/show.html.erb within layouts/application (0.8ms)
Completed 200 OK in 77ms (Views: 69.9ms | ActiveRecord: 0.2ms)


Started GET "/microposts" for ::1 at 2014-10-27 19:50:38 -0700
Processing by MicropostsController#index as HTML
  [1m[36mMicropost Load (0.1ms)[0m  [1mSELECT "microposts".* FROM "microposts"[0m
  Rendered microposts/index.html.erb within layouts/application (1.5ms)
Completed 200 OK in 64ms (Views: 63.2ms | ActiveRecord: 0.1ms)


Started GET "/microposts" for ::1 at 2014-10-27 19:57:32 -0700
  [1m[36mActiveRecord::SchemaMigration Load (0.1ms)[0m  [1mSELECT "schema_migrations".* FROM "schema_migrations"[0m
Processing by MicropostsController#index as HTML
  [1m[35mMicropost Load (0.1ms)[0m  SELECT "microposts".* FROM "microposts"
  Rendered microposts/index.html.erb within layouts/application (29.3ms)
Completed 200 OK in 133ms (Views: 124.5ms | ActiveRecord: 0.4ms)


Started GET "/assets/microposts-64845c436e75ac587deec98177291d4e.css?body=1" for ::1 at 2014-10-27 19:57:32 -0700


Started GET "/assets/users-64845c436e75ac587deec98177291d4e.css?body=1" for ::1 at 2014-10-27 19:57:32 -0700


Started GET "/assets/scaffolds-01a330e8e441c255ca8d88fe7df4eac8.css?body=1" for ::1 at 2014-10-27 19:57:32 -0700


Started GET "/assets/application-5db32ab3d3d1c37760ef3c80e4c4c025.css?body=1" for ::1 at 2014-10-27 19:57:32 -0700


Started GET "/assets/jquery-6a50177757f6c64493882fb7aae952c3.js?body=1" for ::1 at 2014-10-27 19:57:32 -0700


Started GET "/assets/jquery_ujs-03cb26c4b41579fc5e95ea8f47ac5e18.js?body=1" for ::1 at 2014-10-27 19:57:32 -0700


Started GET "/assets/turbolinks-cded62415a0d4fe656851f18de2622a5.js?body=1" for ::1 at 2014-10-27 19:57:32 -0700


Started GET "/assets/microposts-32740fa4bc301ff5ef2eca5d8d82335a.js?body=1" for ::1 at 2014-10-27 19:57:32 -0700


Started GET "/assets/users-32740fa4bc301ff5ef2eca5d8d82335a.js?body=1" for ::1 at 2014-10-27 19:57:32 -0700


Started GET "/assets/application-39c924af3a6aa3d8809e65d11764414b.js?body=1" for ::1 at 2014-10-27 19:57:32 -0700


Started GET "/microposts/new" for ::1 at 2014-10-27 19:57:40 -0700
Processing by MicropostsController#new as HTML
  Rendered microposts/_form.html.erb (10.8ms)
  Rendered microposts/new.html.erb within layouts/application (13.8ms)
Completed 200 OK in 127ms (Views: 125.9ms | ActiveRecord: 0.0ms)


Started POST "/microposts" for ::1 at 2014-10-27 19:57:48 -0700
Processing by MicropostsController#create as HTML
  Parameters: {"utf8"=>"✓", "authenticity_token"=>"GLhLMMxZqNrJxnRnLi47HQdiY6hLwMBF0jV3vzgLmKol9qRWp4sqoqyMNKV6KOXj6GBRDaVcP8tRQlEKxVS4/w==", "micropost"=>{"content"=>"dafjj", "user_id"=>"1"}, "commit"=>"Create Micropost"}
  [1m[36m (0.1ms)[0m  [1mbegin transaction[0m
  [1m[35mSQL (0.4ms)[0m  INSERT INTO "microposts" ("content", "created_at", "updated_at", "user_id") VALUES (?, ?, ?, ?)  [["content", "dafjj"], ["created_at", "2014-10-28 02:57:48.069739"], ["updated_at", "2014-10-28 02:57:48.069739"], ["user_id", 1]]
  [1m[36m (2.4ms)[0m  [1mcommit transaction[0m
Redirected to http://localhost:3000/microposts/2
Completed 302 Found in 8ms (ActiveRecord: 2.9ms)


Started GET "/microposts/2" for ::1 at 2014-10-27 19:57:48 -0700
Processing by MicropostsController#show as HTML
  Parameters: {"id"=>"2"}
  [1m[35mMicropost Load (0.2ms)[0m  SELECT  "microposts".* FROM "microposts" WHERE "microposts"."id" = ? LIMIT 1  [["id", 2]]
  Rendered microposts/show.html.erb within layouts/application (0.6ms)
Completed 200 OK in 69ms (Views: 63.0ms | ActiveRecord: 0.2ms)


Started GET "/assets/microposts-64845c436e75ac587deec98177291d4e.css?body=1" for ::1 at 2014-10-27 19:57:48 -0700


Started GET "/assets/scaffolds-01a330e8e441c255ca8d88fe7df4eac8.css?body=1" for ::1 at 2014-10-27 19:57:48 -0700


Started GET "/assets/jquery_ujs-03cb26c4b41579fc5e95ea8f47ac5e18.js?body=1" for ::1 at 2014-10-27 19:57:48 -0700


Started GET "/assets/users-64845c436e75ac587deec98177291d4e.css?body=1" for ::1 at 2014-10-27 19:57:48 -0700


Started GET "/assets/jquery-6a50177757f6c64493882fb7aae952c3.js?body=1" for ::1 at 2014-10-27 19:57:48 -0700


Started GET "/assets/application-5db32ab3d3d1c37760ef3c80e4c4c025.css?body=1" for ::1 at 2014-10-27 19:57:48 -0700


Started GET "/assets/microposts-32740fa4bc301ff5ef2eca5d8d82335a.js?body=1" for ::1 at 2014-10-27 19:57:48 -0700


Started GET "/assets/turbolinks-cded62415a0d4fe656851f18de2622a5.js?body=1" for ::1 at 2014-10-27 19:57:48 -0700


Started GET "/assets/users-32740fa4bc301ff5ef2eca5d8d82335a.js?body=1" for ::1 at 2014-10-27 19:57:48 -0700


Started GET "/assets/application-39c924af3a6aa3d8809e65d11764414b.js?body=1" for ::1 at 2014-10-27 19:57:48 -0700


Started GET "/microposts" for ::1 at 2014-10-27 19:57:58 -0700
Processing by MicropostsController#index as HTML
  [1m[36mMicropost Load (0.1ms)[0m  [1mSELECT "microposts".* FROM "microposts"[0m
  Rendered microposts/index.html.erb within layouts/application (1.7ms)
Completed 200 OK in 59ms (Views: 58.1ms | ActiveRecord: 0.1ms)


Started GET "/microposts/new" for ::1 at 2014-10-27 19:57:59 -0700
Processing by MicropostsController#new as HTML
  Rendered microposts/_form.html.erb (1.5ms)
  Rendered microposts/new.html.erb within layouts/application (2.8ms)
Completed 200 OK in 68ms (Views: 67.4ms | ActiveRecord: 0.0ms)


Started POST "/microposts" for ::1 at 2014-10-27 19:58:11 -0700
Processing by MicropostsController#create as HTML
  Parameters: {"utf8"=>"✓", "authenticity_token"=>"jEGS2kcosYBjfk2BcD2FKPOijggFaMt9j4RTy+KOHYexD328LPoz+AY0DUMkO1vWHKC8rev0NPMM83V+H9E90g==", "micropost"=>{"content"=>"jsdfjsdkalfd;sajfkdls;ajfklds;afjkld;sajfkld;sajfkld;sajfkld;sajklf;djsak;fjdls;afjklds;ajfkld;sajfkld;sajfkld;salfkjdskla;fdlsajfldk;sa", "user_id"=>"1"}, "commit"=>"Create Micropost"}
  [1m[35m (0.1ms)[0m  begin transaction
  [1m[36mSQL (0.2ms)[0m  [1mINSERT INTO "microposts" ("content", "created_at", "updated_at", "user_id") VALUES (?, ?, ?, ?)[0m  [["content", "jsdfjsdkalfd;sajfkdls;ajfklds;afjkld;sajfkld;sajfkld;sajfkld;sajklf;djsak;fjdls;afjklds;ajfkld;sajfkld;sajfkld;salfkjdskla;fdlsajfldk;sa"], ["created_at", "2014-10-28 02:58:11.499681"], ["updated_at", "2014-10-28 02:58:11.499681"], ["user_id", 1]]
  [1m[35m (2.3ms)[0m  commit transaction
Redirected to http://localhost:3000/microposts/3
Completed 302 Found in 5ms (ActiveRecord: 2.6ms)


Started GET "/microposts/3" for ::1 at 2014-10-27 19:58:11 -0700
Processing by MicropostsController#show as HTML
  Parameters: {"id"=>"3"}
  [1m[36mMicropost Load (0.1ms)[0m  [1mSELECT  "microposts".* FROM "microposts" WHERE "microposts"."id" = ? LIMIT 1[0m  [["id", 3]]
  Rendered microposts/show.html.erb within layouts/application (0.5ms)
Completed 200 OK in 68ms (Views: 66.8ms | ActiveRecord: 0.1ms)


Started GET "/assets/microposts-64845c436e75ac587deec98177291d4e.css?body=1" for ::1 at 2014-10-27 19:58:11 -0700


Started GET "/assets/scaffolds-01a330e8e441c255ca8d88fe7df4eac8.css?body=1" for ::1 at 2014-10-27 19:58:11 -0700


Started GET "/assets/users-64845c436e75ac587deec98177291d4e.css?body=1" for ::1 at 2014-10-27 19:58:11 -0700


Started GET "/assets/jquery-6a50177757f6c64493882fb7aae952c3.js?body=1" for ::1 at 2014-10-27 19:58:11 -0700


Started GET "/assets/application-5db32ab3d3d1c37760ef3c80e4c4c025.css?body=1" for ::1 at 2014-10-27 19:58:11 -0700


Started GET "/assets/jquery_ujs-03cb26c4b41579fc5e95ea8f47ac5e18.js?body=1" for ::1 at 2014-10-27 19:58:11 -0700


Started GET "/assets/turbolinks-cded62415a0d4fe656851f18de2622a5.js?body=1" for ::1 at 2014-10-27 19:58:11 -0700


Started GET "/assets/microposts-32740fa4bc301ff5ef2eca5d8d82335a.js?body=1" for ::1 at 2014-10-27 19:58:11 -0700


Started GET "/assets/users-32740fa4bc301ff5ef2eca5d8d82335a.js?body=1" for ::1 at 2014-10-27 19:58:11 -0700


Started GET "/assets/application-39c924af3a6aa3d8809e65d11764414b.js?body=1" for ::1 at 2014-10-27 19:58:11 -0700


Started GET "/microposts" for ::1 at 2014-10-27 19:58:14 -0700
Processing by MicropostsController#index as HTML
  [1m[35mMicropost Load (0.1ms)[0m  SELECT "microposts".* FROM "microposts"
  Rendered microposts/index.html.erb within layouts/application (1.4ms)
Completed 200 OK in 68ms (Views: 67.6ms | ActiveRecord: 0.1ms)


Started GET "/microposts/new" for ::1 at 2014-10-27 19:58:17 -0700
Processing by MicropostsController#new as HTML
  Rendered microposts/_form.html.erb (1.5ms)
  Rendered microposts/new.html.erb within layouts/application (2.7ms)
Completed 200 OK in 70ms (Views: 69.8ms | ActiveRecord: 0.0ms)


Started POST "/microposts" for ::1 at 2014-10-27 19:58:36 -0700
Processing by MicropostsController#create as HTML
  Parameters: {"utf8"=>"✓", "authenticity_token"=>"E46gP2Q303R51WF3womcok7+vqcSCASjGYRYvB6otdsuwE9ZD+VRDByfIbWWj0JcofyMAvyU+y2a834J4/eVjg==", "micropost"=>{"content"=>"sdafjkdsal;fjdklsajfklds;ajfkld;sajkfl;daskfjdksla;fjkl;dfklsa;fjdkls;afjklds;afjkld;safkldsafjdjfjdsafdsjafdsjafdjsafdjsafjdsajfdsajfdsjafjdsafjdsajfdsajfdsjafjdsajfdsajfdjsafjdsajfdsafdsajfdjsafjdsajfdjsafjdsajfdsjafjdsa", "user_id"=>"1"}, "commit"=>"Create Micropost"}
  [1m[36m (0.1ms)[0m  [1mbegin transaction[0m
  [1m[35m (0.0ms)[0m  rollback transaction
  Rendered microposts/_form.html.erb (2.7ms)
  Rendered microposts/new.html.erb within layouts/application (3.9ms)
Completed 200 OK in 74ms (Views: 72.0ms | ActiveRecord: 0.1ms)


Started GET "/assets/microposts-64845c436e75ac587deec98177291d4e.css?body=1" for ::1 at 2014-10-27 19:58:36 -0700


Started GET "/assets/jquery-6a50177757f6c64493882fb7aae952c3.js?body=1" for ::1 at 2014-10-27 19:58:36 -0700


Started GET "/assets/users-64845c436e75ac587deec98177291d4e.css?body=1" for ::1 at 2014-10-27 19:58:36 -0700


Started GET "/assets/scaffolds-01a330e8e441c255ca8d88fe7df4eac8.css?body=1" for ::1 at 2014-10-27 19:58:36 -0700


Started GET "/assets/jquery_ujs-03cb26c4b41579fc5e95ea8f47ac5e18.js?body=1" for ::1 at 2014-10-27 19:58:36 -0700


Started GET "/assets/application-5db32ab3d3d1c37760ef3c80e4c4c025.css?body=1" for ::1 at 2014-10-27 19:58:36 -0700


Started GET "/assets/turbolinks-cded62415a0d4fe656851f18de2622a5.js?body=1" for ::1 at 2014-10-27 19:58:36 -0700


Started GET "/assets/microposts-32740fa4bc301ff5ef2eca5d8d82335a.js?body=1" for ::1 at 2014-10-27 19:58:36 -0700


Started GET "/assets/users-32740fa4bc301ff5ef2eca5d8d82335a.js?body=1" for ::1 at 2014-10-27 19:58:36 -0700


Started GET "/assets/application-39c924af3a6aa3d8809e65d11764414b.js?body=1" for ::1 at 2014-10-27 19:58:36 -0700


Started GET "/microposts" for ::1 at 2014-10-27 19:58:38 -0700
Processing by MicropostsController#index as HTML
  [1m[36mMicropost Load (0.1ms)[0m  [1mSELECT "microposts".* FROM "microposts"[0m
  Rendered microposts/index.html.erb within layouts/application (1.4ms)
Completed 200 OK in 73ms (Views: 72.3ms | ActiveRecord: 0.1ms)


Started GET "/assets/microposts-64845c436e75ac587deec98177291d4e.css?body=1" for ::1 at 2014-10-27 19:58:38 -0700


Started GET "/assets/jquery_ujs-03cb26c4b41579fc5e95ea8f47ac5e18.js?body=1" for ::1 at 2014-10-27 19:58:38 -0700


Started GET "/assets/scaffolds-01a330e8e441c255ca8d88fe7df4eac8.css?body=1" for ::1 at 2014-10-27 19:58:38 -0700


Started GET "/assets/application-5db32ab3d3d1c37760ef3c80e4c4c025.css?body=1" for ::1 at 2014-10-27 19:58:38 -0700


Started GET "/assets/users-64845c436e75ac587deec98177291d4e.css?body=1" for ::1 at 2014-10-27 19:58:38 -0700


Started GET "/assets/jquery-6a50177757f6c64493882fb7aae952c3.js?body=1" for ::1 at 2014-10-27 19:58:38 -0700


Started GET "/assets/turbolinks-cded62415a0d4fe656851f18de2622a5.js?body=1" for ::1 at 2014-10-27 19:58:38 -0700


Started GET "/assets/microposts-32740fa4bc301ff5ef2eca5d8d82335a.js?body=1" for ::1 at 2014-10-27 19:58:38 -0700


Started GET "/assets/users-32740fa4bc301ff5ef2eca5d8d82335a.js?body=1" for ::1 at 2014-10-27 19:58:38 -0700


Started GET "/assets/application-39c924af3a6aa3d8809e65d11764414b.js?body=1" for ::1 at 2014-10-27 19:58:38 -0700


Started GET "/users" for ::1 at 2014-10-27 19:58:43 -0700
Processing by UsersController#index as HTML
  [1m[35mUser Load (0.1ms)[0m  SELECT "users".* FROM "users"
  Rendered users/index.html.erb within layouts/application (4.0ms)
Completed 200 OK in 71ms (Views: 68.9ms | ActiveRecord: 0.3ms)


Started GET "/assets/microposts-64845c436e75ac587deec98177291d4e.css?body=1" for ::1 at 2014-10-27 19:58:43 -0700


Started GET "/assets/jquery-6a50177757f6c64493882fb7aae952c3.js?body=1" for ::1 at 2014-10-27 19:58:43 -0700


Started GET "/assets/users-64845c436e75ac587deec98177291d4e.css?body=1" for ::1 at 2014-10-27 19:58:43 -0700


Started GET "/assets/jquery_ujs-03cb26c4b41579fc5e95ea8f47ac5e18.js?body=1" for ::1 at 2014-10-27 19:58:43 -0700


Started GET "/assets/scaffolds-01a330e8e441c255ca8d88fe7df4eac8.css?body=1" for ::1 at 2014-10-27 19:58:43 -0700


Started GET "/assets/application-5db32ab3d3d1c37760ef3c80e4c4c025.css?body=1" for ::1 at 2014-10-27 19:58:43 -0700


Started GET "/assets/turbolinks-cded62415a0d4fe656851f18de2622a5.js?body=1" for ::1 at 2014-10-27 19:58:43 -0700


Started GET "/assets/microposts-32740fa4bc301ff5ef2eca5d8d82335a.js?body=1" for ::1 at 2014-10-27 19:58:43 -0700


Started GET "/assets/users-32740fa4bc301ff5ef2eca5d8d82335a.js?body=1" for ::1 at 2014-10-27 19:58:43 -0700


Started GET "/assets/application-39c924af3a6aa3d8809e65d11764414b.js?body=1" for ::1 at 2014-10-27 19:58:43 -0700


Started GET "/users/new" for ::1 at 2014-10-27 19:58:45 -0700
Processing by UsersController#new as HTML
  Rendered users/_form.html.erb (2.8ms)
  Rendered users/new.html.erb within layouts/application (4.4ms)
Completed 200 OK in 70ms (Views: 69.2ms | ActiveRecord: 0.0ms)


Started POST "/users" for ::1 at 2014-10-27 19:58:50 -0700
Processing by UsersController#create as HTML
  Parameters: {"utf8"=>"✓", "authenticity_token"=>"q4gnNo3w3FidlElcsq7fiAh3Ayu112F3jS2yXaPw7k+WxshQ5iJeIPjeCZ7mqAF253UxjltLnvkOWpToXq/OGg==", "user"=>{"name"=>"1", "email"=>"1"}, "commit"=>"Create User"}
  [1m[36m (0.1ms)[0m  [1mbegin transaction[0m
  [1m[35m (0.0ms)[0m  rollback transaction
Completed 500 Internal Server Error in 2ms

NoMethodError (undefined method `content' for #<User:0x007ffc15a11918>):
  app/controllers/users_controller.rb:30:in `block in create'
  app/controllers/users_controller.rb:29:in `create'


  Rendered /Users/timothyshull/.rbenv/versions/2.1.4/lib/ruby/gems/2.1.0/gems/web-console-2.0.0.beta4/lib/action_dispatch/templates/rescues/_source.erb (8.0ms)
  Rendered /Users/timothyshull/.rbenv/versions/2.1.4/lib/ruby/gems/2.1.0/gems/web-console-2.0.0.beta4/lib/action_dispatch/templates/rescues/_trace.html.erb (3.0ms)
  Rendered /Users/timothyshull/.rbenv/versions/2.1.4/lib/ruby/gems/2.1.0/gems/web-console-2.0.0.beta4/lib/action_dispatch/templates/rescues/_request_and_response.html.erb (1.6ms)
  Rendered /Users/timothyshull/.rbenv/versions/2.1.4/lib/ruby/gems/2.1.0/gems/web-console-2.0.0.beta4/lib/action_dispatch/templates/rescues/_web_console.html.erb (1.1ms)
  Rendered /Users/timothyshull/.rbenv/versions/2.1.4/lib/ruby/gems/2.1.0/gems/web-console-2.0.0.beta4/lib/action_dispatch/templates/rescues/diagnostics.html.erb within rescues/layout (35.6ms)
  [1m[36mUser Load (0.1ms)[0m  [1mSELECT  "users".* FROM "users"  ORDER BY "users"."id" ASC LIMIT 1[0m
  [1m[35mUser Load (0.2ms)[0m  SELECT  "users".* FROM "users"  ORDER BY "users"."id" ASC LIMIT 1
  [1m[36mMicropost Load (0.1ms)[0m  [1mSELECT "microposts".* FROM "microposts" WHERE "microposts"."user_id" = ?[0m  [["user_id", 5]]


Started POST "/users" for ::1 at 2014-10-27 20:12:44 -0700
  [1m[36mActiveRecord::SchemaMigration Load (0.1ms)[0m  [1mSELECT "schema_migrations".* FROM "schema_migrations"[0m
Processing by UsersController#create as HTML
  Parameters: {"utf8"=>"✓", "authenticity_token"=>"q4gnNo3w3FidlElcsq7fiAh3Ayu112F3jS2yXaPw7k+WxshQ5iJeIPjeCZ7mqAF253UxjltLnvkOWpToXq/OGg==", "user"=>{"name"=>"1", "email"=>"1"}, "commit"=>"Create User"}
  [1m[35m (0.1ms)[0m  begin transaction
  [1m[36mSQL (0.3ms)[0m  [1mINSERT INTO "users" ("created_at", "email", "name", "updated_at") VALUES (?, ?, ?, ?)[0m  [["created_at", "2014-10-28 03:12:44.376702"], ["email", "1"], ["name", "1"], ["updated_at", "2014-10-28 03:12:44.376702"]]
  [1m[35m (2.0ms)[0m  commit transaction
Redirected to http://localhost:3000/users/6
Completed 302 Found in 25ms (ActiveRecord: 2.8ms)


Started GET "/users/6" for ::1 at 2014-10-27 20:12:44 -0700
Processing by UsersController#show as HTML
  Parameters: {"id"=>"6"}
  [1m[36mUser Load (0.2ms)[0m  [1mSELECT  "users".* FROM "users" WHERE "users"."id" = ? LIMIT 1[0m  [["id", 6]]
  Rendered users/show.html.erb within layouts/application (1.3ms)
Completed 200 OK in 95ms (Views: 88.4ms | ActiveRecord: 0.2ms)


Started GET "/assets/microposts-64845c436e75ac587deec98177291d4e.css?body=1" for ::1 at 2014-10-27 20:12:44 -0700


Started GET "/assets/users-64845c436e75ac587deec98177291d4e.css?body=1" for ::1 at 2014-10-27 20:12:44 -0700


Started GET "/assets/scaffolds-01a330e8e441c255ca8d88fe7df4eac8.css?body=1" for ::1 at 2014-10-27 20:12:44 -0700


Started GET "/assets/jquery_ujs-03cb26c4b41579fc5e95ea8f47ac5e18.js?body=1" for ::1 at 2014-10-27 20:12:44 -0700


Started GET "/assets/jquery-6a50177757f6c64493882fb7aae952c3.js?body=1" for ::1 at 2014-10-27 20:12:44 -0700


Started GET "/assets/application-5db32ab3d3d1c37760ef3c80e4c4c025.css?body=1" for ::1 at 2014-10-27 20:12:44 -0700


Started GET "/assets/turbolinks-cded62415a0d4fe656851f18de2622a5.js?body=1" for ::1 at 2014-10-27 20:12:44 -0700


Started GET "/assets/microposts-32740fa4bc301ff5ef2eca5d8d82335a.js?body=1" for ::1 at 2014-10-27 20:12:44 -0700


Started GET "/assets/users-32740fa4bc301ff5ef2eca5d8d82335a.js?body=1" for ::1 at 2014-10-27 20:12:44 -0700


Started GET "/assets/application-39c924af3a6aa3d8809e65d11764414b.js?body=1" for ::1 at 2014-10-27 20:12:44 -0700


Started GET "/users" for ::1 at 2014-10-27 20:12:51 -0700
Processing by UsersController#index as HTML
  [1m[35mUser Load (0.1ms)[0m  SELECT "users".* FROM "users"
  Rendered users/index.html.erb within layouts/application (1.7ms)
Completed 200 OK in 108ms (Views: 107.4ms | ActiveRecord: 0.1ms)


Started GET "/assets/microposts-64845c436e75ac587deec98177291d4e.css?body=1" for ::1 at 2014-10-27 20:12:51 -0700


Started GET "/assets/scaffolds-01a330e8e441c255ca8d88fe7df4eac8.css?body=1" for ::1 at 2014-10-27 20:12:51 -0700


Started GET "/assets/application-5db32ab3d3d1c37760ef3c80e4c4c025.css?body=1" for ::1 at 2014-10-27 20:12:51 -0700


Started GET "/assets/jquery_ujs-03cb26c4b41579fc5e95ea8f47ac5e18.js?body=1" for ::1 at 2014-10-27 20:12:51 -0700


Started GET "/assets/users-64845c436e75ac587deec98177291d4e.css?body=1" for ::1 at 2014-10-27 20:12:51 -0700


Started GET "/assets/jquery-6a50177757f6c64493882fb7aae952c3.js?body=1" for ::1 at 2014-10-27 20:12:51 -0700


Started GET "/assets/turbolinks-cded62415a0d4fe656851f18de2622a5.js?body=1" for ::1 at 2014-10-27 20:12:51 -0700


Started GET "/assets/microposts-32740fa4bc301ff5ef2eca5d8d82335a.js?body=1" for ::1 at 2014-10-27 20:12:51 -0700


Started GET "/assets/users-32740fa4bc301ff5ef2eca5d8d82335a.js?body=1" for ::1 at 2014-10-27 20:12:51 -0700


Started GET "/assets/application-39c924af3a6aa3d8809e65d11764414b.js?body=1" for ::1 at 2014-10-27 20:12:51 -0700


Started GET "/users/new" for ::1 at 2014-10-27 20:12:54 -0700
Processing by UsersController#new as HTML
  Rendered users/_form.html.erb (8.5ms)
  Rendered users/new.html.erb within layouts/application (11.4ms)
Completed 200 OK in 71ms (Views: 70.4ms | ActiveRecord: 0.0ms)


Started POST "/users" for ::1 at 2014-10-27 20:13:00 -0700
Processing by UsersController#create as HTML
  Parameters: {"utf8"=>"✓", "authenticity_token"=>"YbV6lhnGqzHTgW8IYlENG4lKSz2iqGOT84sczMKi6rhc+5XwchQpSbbLL8o2V9PlZkh5mEw0nB1w/Dp5P/3K7Q==", "user"=>{"name"=>"2", "email"=>"2"}, "commit"=>"Create User"}
  [1m[36m (0.1ms)[0m  [1mbegin transaction[0m
  [1m[35mSQL (0.2ms)[0m  INSERT INTO "users" ("created_at", "email", "name", "updated_at") VALUES (?, ?, ?, ?)  [["created_at", "2014-10-28 03:13:00.817454"], ["email", "2"], ["name", "2"], ["updated_at", "2014-10-28 03:13:00.817454"]]
  [1m[36m (0.8ms)[0m  [1mcommit transaction[0m
Redirected to http://localhost:3000/users/7
Completed 302 Found in 3ms (ActiveRecord: 1.0ms)


Started GET "/users/7" for ::1 at 2014-10-27 20:13:00 -0700
Processing by UsersController#show as HTML
  Parameters: {"id"=>"7"}
  [1m[35mUser Load (0.1ms)[0m  SELECT  "users".* FROM "users" WHERE "users"."id" = ? LIMIT 1  [["id", 7]]
  Rendered users/show.html.erb within layouts/application (0.3ms)
Completed 200 OK in 60ms (Views: 59.1ms | ActiveRecord: 0.1ms)


Started GET "/assets/microposts-64845c436e75ac587deec98177291d4e.css?body=1" for ::1 at 2014-10-27 20:13:00 -0700


Started GET "/assets/application-5db32ab3d3d1c37760ef3c80e4c4c025.css?body=1" for ::1 at 2014-10-27 20:13:00 -0700


Started GET "/assets/scaffolds-01a330e8e441c255ca8d88fe7df4eac8.css?body=1" for ::1 at 2014-10-27 20:13:00 -0700


Started GET "/assets/jquery_ujs-03cb26c4b41579fc5e95ea8f47ac5e18.js?body=1" for ::1 at 2014-10-27 20:13:00 -0700


Started GET "/assets/jquery-6a50177757f6c64493882fb7aae952c3.js?body=1" for ::1 at 2014-10-27 20:13:00 -0700


Started GET "/assets/users-64845c436e75ac587deec98177291d4e.css?body=1" for ::1 at 2014-10-27 20:13:00 -0700


Started GET "/assets/turbolinks-cded62415a0d4fe656851f18de2622a5.js?body=1" for ::1 at 2014-10-27 20:13:00 -0700


Started GET "/assets/microposts-32740fa4bc301ff5ef2eca5d8d82335a.js?body=1" for ::1 at 2014-10-27 20:13:00 -0700


Started GET "/assets/application-39c924af3a6aa3d8809e65d11764414b.js?body=1" for ::1 at 2014-10-27 20:13:00 -0700


Started GET "/assets/users-32740fa4bc301ff5ef2eca5d8d82335a.js?body=1" for ::1 at 2014-10-27 20:13:00 -0700


Started GET "/users" for ::1 at 2014-10-27 20:13:02 -0700
Processing by UsersController#index as HTML
  [1m[36mUser Load (0.2ms)[0m  [1mSELECT "users".* FROM "users"[0m
  Rendered users/index.html.erb within layouts/application (2.2ms)
Completed 200 OK in 69ms (Views: 68.7ms | ActiveRecord: 0.2ms)


Started GET "/microposts/new" for ::1 at 2014-10-27 20:13:15 -0700
Processing by MicropostsController#new as HTML
  Rendered microposts/_form.html.erb (3.4ms)
  Rendered microposts/new.html.erb within layouts/application (4.6ms)
Completed 200 OK in 79ms (Views: 72.7ms | ActiveRecord: 0.2ms)


Started GET "/assets/application-5db32ab3d3d1c37760ef3c80e4c4c025.css?body=1" for ::1 at 2014-10-27 20:13:15 -0700


Started GET "/assets/microposts-64845c436e75ac587deec98177291d4e.css?body=1" for ::1 at 2014-10-27 20:13:15 -0700


Started GET "/assets/jquery_ujs-03cb26c4b41579fc5e95ea8f47ac5e18.js?body=1" for ::1 at 2014-10-27 20:13:15 -0700


Started GET "/assets/scaffolds-01a330e8e441c255ca8d88fe7df4eac8.css?body=1" for ::1 at 2014-10-27 20:13:15 -0700


Started GET "/assets/users-64845c436e75ac587deec98177291d4e.css?body=1" for ::1 at 2014-10-27 20:13:15 -0700


Started GET "/assets/turbolinks-cded62415a0d4fe656851f18de2622a5.js?body=1" for ::1 at 2014-10-27 20:13:15 -0700


Started GET "/assets/jquery-6a50177757f6c64493882fb7aae952c3.js?body=1" for ::1 at 2014-10-27 20:13:15 -0700


Started GET "/assets/microposts-32740fa4bc301ff5ef2eca5d8d82335a.js?body=1" for ::1 at 2014-10-27 20:13:15 -0700


Started GET "/assets/users-32740fa4bc301ff5ef2eca5d8d82335a.js?body=1" for ::1 at 2014-10-27 20:13:15 -0700


Started GET "/assets/application-39c924af3a6aa3d8809e65d11764414b.js?body=1" for ::1 at 2014-10-27 20:13:15 -0700


Started POST "/microposts" for ::1 at 2014-10-27 20:13:23 -0700
Processing by MicropostsController#create as HTML
  Parameters: {"utf8"=>"✓", "authenticity_token"=>"ZFHgmmJom9WsrTg1Z13lZWwA5BDL1r3AgedKtYLVO11ZHw/8CboZrcnnePczWzubgwLWtSVKQk4CkGwAf4obCA==", "micropost"=>{"content"=>"Jam", "user_id"=>"1"}, "commit"=>"Create Micropost"}
  [1m[35m (0.1ms)[0m  begin transaction
  [1m[36mSQL (0.3ms)[0m  [1mINSERT INTO "microposts" ("content", "created_at", "updated_at", "user_id") VALUES (?, ?, ?, ?)[0m  [["content", "Jam"], ["created_at", "2014-10-28 03:13:23.744514"], ["updated_at", "2014-10-28 03:13:23.744514"], ["user_id", 1]]
  [1m[35m (2.3ms)[0m  commit transaction
Redirected to http://localhost:3000/microposts/4
Completed 302 Found in 6ms (ActiveRecord: 2.7ms)


Started GET "/microposts/4" for ::1 at 2014-10-27 20:13:23 -0700
Processing by MicropostsController#show as HTML
  Parameters: {"id"=>"4"}
  [1m[36mMicropost Load (0.2ms)[0m  [1mSELECT  "microposts".* FROM "microposts" WHERE "microposts"."id" = ? LIMIT 1[0m  [["id", 4]]
  Rendered microposts/show.html.erb within layouts/application (0.7ms)
Completed 200 OK in 79ms (Views: 77.4ms | ActiveRecord: 0.2ms)


Started GET "/assets/microposts-64845c436e75ac587deec98177291d4e.css?body=1" for ::1 at 2014-10-27 20:13:23 -0700


Started GET "/assets/scaffolds-01a330e8e441c255ca8d88fe7df4eac8.css?body=1" for ::1 at 2014-10-27 20:13:23 -0700


Started GET "/assets/application-5db32ab3d3d1c37760ef3c80e4c4c025.css?body=1" for ::1 at 2014-10-27 20:13:23 -0700


Started GET "/assets/users-64845c436e75ac587deec98177291d4e.css?body=1" for ::1 at 2014-10-27 20:13:23 -0700


Started GET "/assets/jquery_ujs-03cb26c4b41579fc5e95ea8f47ac5e18.js?body=1" for ::1 at 2014-10-27 20:13:23 -0700


Started GET "/assets/jquery-6a50177757f6c64493882fb7aae952c3.js?body=1" for ::1 at 2014-10-27 20:13:23 -0700


Started GET "/assets/microposts-32740fa4bc301ff5ef2eca5d8d82335a.js?body=1" for ::1 at 2014-10-27 20:13:23 -0700


Started GET "/assets/turbolinks-cded62415a0d4fe656851f18de2622a5.js?body=1" for ::1 at 2014-10-27 20:13:23 -0700


Started GET "/assets/users-32740fa4bc301ff5ef2eca5d8d82335a.js?body=1" for ::1 at 2014-10-27 20:13:23 -0700


Started GET "/assets/application-39c924af3a6aa3d8809e65d11764414b.js?body=1" for ::1 at 2014-10-27 20:13:23 -0700


Started GET "/microposts" for ::1 at 2014-10-27 20:13:25 -0700
Processing by MicropostsController#index as HTML
  [1m[35mMicropost Load (0.2ms)[0m  SELECT "microposts".* FROM "microposts"
  Rendered microposts/index.html.erb within layouts/application (2.5ms)
Completed 200 OK in 68ms (Views: 66.8ms | ActiveRecord: 0.2ms)


Started GET "/microposts/new" for ::1 at 2014-10-27 20:13:29 -0700
Processing by MicropostsController#new as HTML
  Rendered microposts/_form.html.erb (1.9ms)
  Rendered microposts/new.html.erb within layouts/application (3.6ms)
Completed 200 OK in 68ms (Views: 67.0ms | ActiveRecord: 0.0ms)


Started POST "/microposts" for ::1 at 2014-10-27 20:13:37 -0700
Processing by MicropostsController#create as HTML
  Parameters: {"utf8"=>"✓", "authenticity_token"=>"f8SUnCwdpqaBdE0rw4eE2fIadvGVpb5aC7bMTLYyF0JCinv6R88k3uQ+DemXgVonHRhEVHs5QdSIwer5S203Fw==", "micropost"=>{"content"=>"Jammer", "user_id"=>"2"}, "commit"=>"Create Micropost"}
  [1m[36m (0.1ms)[0m  [1mbegin transaction[0m
  [1m[35mSQL (0.3ms)[0m  INSERT INTO "microposts" ("content", "created_at", "updated_at", "user_id") VALUES (?, ?, ?, ?)  [["content", "Jammer"], ["created_at", "2014-10-28 03:13:37.532743"], ["updated_at", "2014-10-28 03:13:37.532743"], ["user_id", 2]]
  [1m[36m (2.0ms)[0m  [1mcommit transaction[0m
Redirected to http://localhost:3000/microposts/5
Completed 302 Found in 5ms (ActiveRecord: 2.3ms)


Started GET "/microposts/5" for ::1 at 2014-10-27 20:13:37 -0700
Processing by MicropostsController#show as HTML
  Parameters: {"id"=>"5"}
  [1m[35mMicropost Load (0.1ms)[0m  SELECT  "microposts".* FROM "microposts" WHERE "microposts"."id" = ? LIMIT 1  [["id", 5]]
  Rendered microposts/show.html.erb within layouts/application (0.3ms)
Completed 200 OK in 78ms (Views: 77.4ms | ActiveRecord: 0.1ms)


Started GET "/assets/microposts-64845c436e75ac587deec98177291d4e.css?body=1" for ::1 at 2014-10-27 20:13:37 -0700


Started GET "/assets/scaffolds-01a330e8e441c255ca8d88fe7df4eac8.css?body=1" for ::1 at 2014-10-27 20:13:37 -0700


Started GET "/assets/jquery_ujs-03cb26c4b41579fc5e95ea8f47ac5e18.js?body=1" for ::1 at 2014-10-27 20:13:37 -0700


Started GET "/assets/application-5db32ab3d3d1c37760ef3c80e4c4c025.css?body=1" for ::1 at 2014-10-27 20:13:37 -0700


Started GET "/assets/users-64845c436e75ac587deec98177291d4e.css?body=1" for ::1 at 2014-10-27 20:13:37 -0700


Started GET "/assets/jquery-6a50177757f6c64493882fb7aae952c3.js?body=1" for ::1 at 2014-10-27 20:13:37 -0700


Started GET "/assets/turbolinks-cded62415a0d4fe656851f18de2622a5.js?body=1" for ::1 at 2014-10-27 20:13:37 -0700


Started GET "/assets/microposts-32740fa4bc301ff5ef2eca5d8d82335a.js?body=1" for ::1 at 2014-10-27 20:13:37 -0700


Started GET "/assets/users-32740fa4bc301ff5ef2eca5d8d82335a.js?body=1" for ::1 at 2014-10-27 20:13:37 -0700


Started GET "/assets/application-39c924af3a6aa3d8809e65d11764414b.js?body=1" for ::1 at 2014-10-27 20:13:37 -0700


Started GET "/microposts" for ::1 at 2014-10-27 20:13:41 -0700
Processing by MicropostsController#index as HTML
  [1m[36mMicropost Load (0.1ms)[0m  [1mSELECT "microposts".* FROM "microposts"[0m
  Rendered microposts/index.html.erb within layouts/application (1.9ms)
Completed 200 OK in 63ms (Views: 62.5ms | ActiveRecord: 0.1ms)
  [1m[36mUser Load (0.1ms)[0m  [1mSELECT  "users".* FROM "users"  ORDER BY "users"."id" ASC LIMIT 1[0m
  [1m[35mUser Load (0.2ms)[0m  SELECT  "users".* FROM "users"  ORDER BY "users"."id" ASC LIMIT 1 OFFSET 1
  [1m[36mUser Load (0.2ms)[0m  [1mSELECT  "users".* FROM "users"  ORDER BY "users"."id" ASC LIMIT 1[0m
  [1m[35mUser Load (0.2ms)[0m  SELECT  "users".* FROM "users"  ORDER BY "users"."id" ASC LIMIT 1
  [1m[36mMicropost Load (0.2ms)[0m  [1mSELECT  "microposts".* FROM "microposts" WHERE "microposts"."user_id" = ?  ORDER BY "microposts"."id" ASC LIMIT 1[0m  [["user_id", 5]]
  [1m[35mUser Load (0.2ms)[0m  SELECT  "users".* FROM "users"  ORDER BY "users"."id" ASC LIMIT 1
  [1m[36mMicropost Load (0.2ms)[0m  [1mSELECT "microposts".* FROM "microposts" WHERE "microposts"."user_id" = ?[0m  [["user_id", 5]]


Started GET "/users" for ::1 at 2014-11-04 05:49:36 -0800
  [1m[36mActiveRecord::SchemaMigration Load (0.5ms)[0m  [1mSELECT "schema_migrations".* FROM "schema_migrations"[0m
Processing by UsersController#index as HTML
  [1m[35mUser Load (0.6ms)[0m  SELECT "users".* FROM "users"
  Rendered users/index.html.erb within layouts/application (7.0ms)
Completed 200 OK in 158ms (Views: 145.5ms | ActiveRecord: 0.8ms)


Started GET "/assets/microposts-64845c436e75ac587deec98177291d4e.css?body=1" for ::1 at 2014-11-04 05:49:36 -0800


Started GET "/assets/scaffolds-01a330e8e441c255ca8d88fe7df4eac8.css?body=1" for ::1 at 2014-11-04 05:49:36 -0800


Started GET "/assets/jquery_ujs-03cb26c4b41579fc5e95ea8f47ac5e18.js?body=1" for ::1 at 2014-11-04 05:49:36 -0800


Started GET "/assets/application-5db32ab3d3d1c37760ef3c80e4c4c025.css?body=1" for ::1 at 2014-11-04 05:49:36 -0800


Started GET "/assets/users-64845c436e75ac587deec98177291d4e.css?body=1" for ::1 at 2014-11-04 05:49:36 -0800


Started GET "/assets/jquery-6a50177757f6c64493882fb7aae952c3.js?body=1" for ::1 at 2014-11-04 05:49:36 -0800


Started GET "/assets/turbolinks-cded62415a0d4fe656851f18de2622a5.js?body=1" for ::1 at 2014-11-04 05:49:36 -0800


Started GET "/assets/microposts-32740fa4bc301ff5ef2eca5d8d82335a.js?body=1" for ::1 at 2014-11-04 05:49:36 -0800


Started GET "/assets/users-32740fa4bc301ff5ef2eca5d8d82335a.js?body=1" for ::1 at 2014-11-04 05:49:36 -0800


Started GET "/assets/application-39c924af3a6aa3d8809e65d11764414b.js?body=1" for ::1 at 2014-11-04 05:49:36 -0800
