

Started GET "/" for 127.0.0.1 at 2014-12-12 11:53:41 -0800
Processing by Rails::WelcomeController#index as HTML
  Rendered /Users/timothyshull/.rbenv/versions/2.1.5/lib/ruby/gems/2.1.0/gems/railties-4.1.8/lib/rails/templates/rails/welcome/index.html.erb (2.0ms)
Completed 200 OK in 17ms (Views: 9.3ms | ActiveRecord: 0.0ms)


Started GET "/" for 127.0.0.1 at 2014-12-12 11:54:33 -0800
Processing by ApplicationController#hello as HTML
  Rendered text template (0.0ms)
Completed 200 OK in 3ms (Views: 2.7ms | ActiveRecord: 0.0ms)


Started GET "/" for 127.0.0.1 at 2014-12-12 12:03:29 -0800
Processing by ApplicationController#hello as HTML
  Rendered text template (0.0ms)
Completed 200 OK in 12ms (Views: 4.1ms | ActiveRecord: 0.0ms)


Started GET "/" for 127.0.0.1 at 2014-12-12 12:05:20 -0800
Processing by ApplicationController#hello as HTML
  Rendered text template (0.0ms)
Completed 200 OK in 1ms (Views: 0.4ms | ActiveRecord: 0.0ms)


Started GET "/" for 127.0.0.1 at 2014-12-12 12:06:38 -0800
Processing by ApplicationController#hello as HTML
  Rendered text template (0.0ms)
Completed 200 OK in 1ms (Views: 0.4ms | ActiveRecord: 0.0ms)


Started GET "/" for 127.0.0.1 at 2014-12-12 12:07:14 -0800
Processing by ApplicationController#hello as HTML
  Rendered text template (0.0ms)
Completed 200 OK in 1ms (Views: 0.4ms | ActiveRecord: 0.0ms)


Started GET "/" for 127.0.0.1 at 2014-12-12 12:07:16 -0800
Processing by ApplicationController#hello as HTML
  Rendered text template (0.0ms)
Completed 200 OK in 1ms (Views: 0.3ms | ActiveRecord: 0.0ms)


Started GET "/" for 127.0.0.1 at 2014-12-12 12:07:28 -0800
Processing by ApplicationController#hello as HTML
  Rendered text template (0.0ms)
Completed 200 OK in 1ms (Views: 0.8ms | ActiveRecord: 0.0ms)


Started GET "/" for 127.0.0.1 at 2014-12-12 12:07:31 -0800
Processing by ApplicationController#hello as HTML
  Rendered text template (0.0ms)
Completed 200 OK in 1ms (Views: 0.3ms | ActiveRecord: 0.0ms)


Started GET "/" for 127.0.0.1 at 2014-12-12 12:08:15 -0800
Processing by ApplicationController#hello as HTML
  Rendered text template (0.0ms)
Completed 200 OK in 1ms (Views: 0.4ms | ActiveRecord: 0.0ms)


Started GET "/" for 127.0.0.1 at 2014-12-12 12:08:54 -0800
Processing by ApplicationController#hello as HTML
  Rendered text template (0.0ms)
Completed 200 OK in 1ms (Views: 0.4ms | ActiveRecord: 0.0ms)


Started GET "/" for 127.0.0.1 at 2014-12-12 12:09:55 -0800
Processing by ApplicationController#hello as HTML
  Rendered text template (0.0ms)
Completed 200 OK in 1ms (Views: 0.4ms | ActiveRecord: 0.0ms)


Started GET "/" for 127.0.0.1 at 2014-12-12 12:10:59 -0800
Processing by ApplicationController#hello as HTML
  Rendered text template (0.0ms)
Completed 200 OK in 1ms (Views: 0.4ms | ActiveRecord: 0.0ms)


Started GET "/" for 127.0.0.1 at 2014-12-12 12:17:44 -0800
Processing by ApplicationController#hello as HTML
  Rendered text template (0.0ms)
Completed 200 OK in 41ms (Views: 32.5ms | ActiveRecord: 0.0ms)


Started GET "/" for 127.0.0.1 at 2014-12-12 12:18:27 -0800
Processing by ApplicationController#hello as HTML
  Rendered text template (0.0ms)
Completed 200 OK in 1ms (Views: 0.5ms | ActiveRecord: 0.0ms)


Started GET "/" for 127.0.0.1 at 2014-12-12 12:18:38 -0800
Processing by ApplicationController#hello as HTML
  Rendered text template (0.0ms)
Completed 200 OK in 1ms (Views: 0.4ms | ActiveRecord: 0.0ms)


Started GET "/" for 127.0.0.1 at 2014-12-12 12:19:58 -0800
Processing by ApplicationController#goodbye as HTML
  Rendered text template (0.0ms)
Completed 200 OK in 1ms (Views: 0.4ms | ActiveRecord: 0.0ms)


Started GET "/" for 127.0.0.1 at 2014-12-12 12:20:17 -0800
Processing by ApplicationController#goodbye as HTML
  Rendered text template (0.0ms)
Completed 200 OK in 1ms (Views: 0.4ms | ActiveRecord: 0.0ms)
