Connecting to database specified by database.yml
  [1m[36m (0.0ms)[0m  [1mselect sqlite_version(*)[0m
  [1m[35m (3.0ms)[0m  CREATE TABLE "schema_migrations" ("version" varchar(255) NOT NULL) 
  [1m[36m (0.1ms)[0m  [1mPRAGMA index_list("schema_migrations")[0m
  [1m[35m (1.0ms)[0m  CREATE UNIQUE INDEX "unique_schema_migrations" ON "schema_migrations" ("version")
  [1m[36m (0.1ms)[0m  [1mSELECT "schema_migrations"."version" FROM "schema_migrations" [0m
Migrating to CreateContacts (20111230232528)
  [1m[35m (0.1ms)[0m  begin transaction
  [1m[36m (0.3ms)[0m  [1mCREATE TABLE "contacts" ("id" INTEGER PRIMARY KEY AUTOINCREMENT NOT NULL, "first_name" varchar(255), "last_name" varchar(255), "created_at" datetime NOT NULL, "updated_at" datetime NOT NULL) [0m
  [1m[35m (0.1ms)[0m  INSERT INTO "schema_migrations" ("version") VALUES ('20111230232528')
  [1m[36m (0.6ms)[0m  [1mcommit transaction[0m
  [1m[35m (0.2ms)[0m  select sqlite_version(*)
  [1m[36m (0.1ms)[0m  [1mSELECT "schema_migrations"."version" FROM "schema_migrations" [0m
  [1m[35m (0.1ms)[0m  PRAGMA index_list("contacts")


Started GET "/" for 127.0.0.1 at 2014-12-07 22:23:56 -0800
Connecting to database specified by database.yml
Processing by ContactsController#index as HTML
  [1m[36mContact Load (0.1ms)[0m  [1mSELECT "contacts".* FROM "contacts" [0m
  Rendered contacts/index.html.erb within layouts/application (0.8ms)
Compiled application.css  (0ms)  (pid 8459)
Compiled application.js  (0ms)  (pid 8459)
Completed 200 OK in 20ms (Views: 19.1ms | ActiveRecord: 0.1ms)


Started GET "/assets/application.css?body=1" for 127.0.0.1 at 2014-12-07 22:23:56 -0800
Served asset /application.css - 200 OK (2ms)


Started GET "/assets/application.js?body=1" for 127.0.0.1 at 2014-12-07 22:23:56 -0800
Served asset /application.js - 200 OK (1ms)


Started GET "/" for 127.0.0.1 at 2014-12-07 22:52:42 -0800
Connecting to database specified by database.yml
Processing by ContactsController#index as HTML
  [1m[36mContact Load (0.1ms)[0m  [1mSELECT "contacts".* FROM "contacts" [0m
  Rendered contacts/index.html.erb within layouts/application (0.8ms)
Completed 200 OK in 11ms (Views: 10.7ms | ActiveRecord: 0.1ms)


Started GET "/assets/application.js?body=1" for 127.0.0.1 at 2014-12-07 22:52:42 -0800
Served asset /application.js - 304 Not Modified (2ms)


Started GET "/assets/application.css?body=1" for 127.0.0.1 at 2014-12-07 22:52:42 -0800
Served asset /application.css - 304 Not Modified (1ms)


Started GET "/" for 127.0.0.1 at 2014-12-07 22:53:55 -0800
Processing by ContactsController#index as HTML
  [1m[35mContact Load (0.1ms)[0m  SELECT "contacts".* FROM "contacts" 
  Rendered contacts/index.html.erb within layouts/application (0.0ms)
Completed 200 OK in 2ms (Views: 1.9ms | ActiveRecord: 0.1ms)


Started GET "/assets/application.css?body=1" for 127.0.0.1 at 2014-12-07 22:53:55 -0800
Served asset /application.css - 304 Not Modified (0ms)


Started GET "/assets/application.js?body=1" for 127.0.0.1 at 2014-12-07 22:53:55 -0800
Served asset /application.js - 304 Not Modified (0ms)
